2018-08-22 00:40:02 INFO  TestBase:35 - opening the browser
2018-08-22 00:45:56 INFO  TestRunner:35 - opening the browser
2018-08-22 13:32:21 INFO  TestRunner:46 - opening the browser
2018-08-22 13:33:38 INFO  TestRunner:46 - opening the browser
2018-08-22 13:34:37 INFO  TestRunner:46 - opening the browser
2018-08-22 13:36:08 INFO  TestRunner:41 - opening the browser
2018-08-22 13:37:01 INFO  TestRunner:41 - opening the browser
2018-08-22 13:37:59 INFO  TestRunner:42 - opening the browser
2018-08-22 13:39:44 INFO  TestRunner:47 - opening the browser
2018-08-22 13:41:17 INFO  TestRunner:47 - opening the browser
2018-08-22 13:43:22 INFO  TestRunner:47 - opening the browser
2018-08-22 13:45:46 INFO  TestRunner:48 - opening the browser
2018-08-22 13:59:41 INFO  TestRunner:44 - opening the browser
2018-08-22 14:01:19 INFO  TestRunner:44 - opening the browser
2018-08-22 14:02:38 INFO  TestRunner:44 - opening the browser
2018-08-22 14:03:14 INFO  TestRunner:44 - opening the browser
2018-08-22 14:03:49 INFO  TestRunner:44 - opening the browser
2018-08-22 15:32:32 INFO  TestRunner:50 - opening the browser
2018-08-22 15:39:00 INFO  TestRunner:50 - opening the browser
2018-08-22 15:48:25 INFO  TestRunner:50 - opening the browser
2018-08-22 16:05:21 INFO  TestRunner:51 - opening the browser
2018-08-22 16:15:39 INFO  TestRunner:51 - opening the browser
2018-08-22 16:16:04 INFO  TestRunner:51 - opening the browser
2018-08-22 16:18:19 INFO  TestRunner:51 - opening the browser
2018-08-22 16:27:52 INFO  TestRunner:51 - opening the browser
2018-08-22 16:30:00 INFO  TestRunner:51 - opening the browser
2018-08-22 16:30:22 INFO  TestRunner:79 - opening the browser
2018-08-22 16:38:29 INFO  TestRunner:51 - opening the browser
2018-08-22 16:38:48 INFO  TestRunner:79 - opening the browser
2018-08-22 16:40:08 INFO  TestRunner:51 - opening the browser
2018-08-22 16:48:51 INFO  TestRunner:51 - opening the browser
2018-08-22 16:50:05 INFO  TestRunner:51 - opening the browser
2018-08-22 16:50:20 INFO  TestRunner:51 - opening the browser
2018-08-22 16:54:52 INFO  TestRunner:51 - opening the browser
2018-08-22 16:56:12 INFO  TestRunner:51 - opening the browser
2018-08-22 16:56:29 INFO  TestRunner:51 - opening the browser
2018-08-22 17:28:17 INFO  TestRunner:47 - opening the browser
2018-08-22 17:28:52 INFO  TestRunner:47 - opening the browser
2018-08-23 12:06:38 INFO  TestRunner:47 - opening the browser
2018-08-23 12:09:07 INFO  TestRunner:48 - opening the browser
2018-08-23 12:11:22 INFO  TestRunner:48 - opening the browser
2018-08-23 12:14:19 INFO  TestRunner:48 - opening the browser
2018-08-23 12:16:24 INFO  TestRunner:50 - opening the browser
2018-08-23 12:18:32 INFO  TestRunner:53 - opening the browser
2018-08-23 12:19:35 INFO  TestRunner:53 - opening the browser
2018-08-23 12:22:09 INFO  TestRunner:70 - opening the browser
2018-08-23 12:23:09 INFO  TestRunner:70 - opening the browser
2018-08-23 12:30:31 INFO  TestRunner:71 - opening the browser
2018-08-23 12:33:28 INFO  TestRunner:73 - opening the browser
2018-08-23 12:45:22 INFO  TestRunner:75 - opening the browser
2018-08-23 13:16:32 INFO  TestRunner:81 - opening the browser
2018-08-23 13:21:52 INFO  TestRunner:81 - opening the browser
2018-08-23 13:21:55 INFO  TestRunner:84 - navigating to the site
2018-08-23 13:21:59 INFO  TestRunner:87 - passing the values
2018-08-23 13:21:59 INFO  TestRunner:87 - passing the values
2018-08-23 13:24:05 INFO  TestRunner:81 - opening the browser
2018-08-23 13:24:09 INFO  TestRunner:84 - navigating to the site
2018-08-23 13:24:12 INFO  TestRunner:87 - passing the values
2018-08-23 13:24:12 INFO  TestRunner:87 - passing the values
2018-08-23 13:32:33 INFO  TestRunner:81 - opening the browser
2018-08-23 13:32:37 INFO  TestRunner:84 - navigating to the site
2018-08-23 13:32:41 INFO  TestRunner:87 - passing the values
2018-08-23 13:32:41 INFO  TestRunner:87 - passing the values
2018-08-23 14:31:29 INFO  TestRunner:108 - opening the browser
2018-08-23 14:31:29 INFO  TestRunner:108 - opening the browser
2018-08-23 14:31:33 INFO  TestRunner:111 - navigating to the site
2018-08-23 14:31:33 INFO  TestRunner:111 - navigating to the site
2018-08-23 14:31:38 INFO  TestRunner:114 - passing the values
2018-08-23 14:31:40 INFO  TestRunner:114 - passing the values
2018-08-23 14:31:40 INFO  TestRunner:114 - passing the values
2018-08-23 14:31:40 INFO  TestRunner:114 - passing the values
2018-08-23 14:34:03 INFO  TestRunner:105 - opening the browser
2018-08-23 14:34:03 INFO  TestRunner:105 - opening the browser
2018-08-23 14:34:07 INFO  TestRunner:108 - navigating to the site
2018-08-23 14:34:07 INFO  TestRunner:108 - navigating to the site
2018-08-23 14:34:11 INFO  TestRunner:111 - passing the values
2018-08-23 14:34:12 INFO  TestRunner:111 - passing the values
2018-08-23 14:34:12 INFO  TestRunner:111 - passing the values
2018-08-23 14:34:13 INFO  TestRunner:111 - passing the values
2018-08-23 14:44:55 INFO  TestRunner:102 - opening the browser
2018-08-23 14:44:55 INFO  TestRunner:102 - opening the browser
2018-08-23 14:44:58 INFO  TestRunner:105 - navigating to the site
2018-08-23 14:44:58 INFO  TestRunner:105 - navigating to the site
2018-08-23 14:45:02 INFO  TestRunner:108 - passing the values
2018-08-23 14:45:04 INFO  TestRunner:108 - passing the values
2018-08-23 14:45:04 INFO  TestRunner:108 - passing the values
2018-08-23 14:45:04 INFO  TestRunner:108 - passing the values
2018-08-23 14:48:58 INFO  TestRunner:101 - opening the browser
2018-08-23 14:48:58 INFO  TestRunner:101 - opening the browser
2018-08-23 14:49:01 INFO  TestRunner:104 - navigating to the site
2018-08-23 14:49:01 INFO  TestRunner:104 - navigating to the site
2018-08-23 14:49:07 INFO  TestRunner:107 - passing the values
2018-08-23 14:49:10 INFO  TestRunner:107 - passing the values
2018-08-23 14:49:10 INFO  TestRunner:107 - passing the values
2018-08-23 14:49:10 INFO  TestRunner:107 - passing the values
2018-08-23 14:58:37 INFO  TestRunner:101 - opening the browser
2018-08-23 14:58:37 INFO  TestRunner:101 - opening the browser
2018-08-23 14:58:41 INFO  TestRunner:104 - navigating to the site
2018-08-23 14:58:41 INFO  TestRunner:104 - navigating to the site
2018-08-23 14:58:45 INFO  TestRunner:107 - passing the values
2018-08-23 14:58:46 INFO  TestRunner:107 - passing the values
2018-08-23 14:58:46 INFO  TestRunner:107 - passing the values
2018-08-23 14:58:46 INFO  TestRunner:107 - passing the values
2018-08-23 15:06:19 INFO  TestRunner:101 - opening the browser
2018-08-23 15:06:19 INFO  TestRunner:101 - opening the browser
2018-08-23 15:06:23 INFO  TestRunner:104 - navigating to the site
2018-08-23 15:06:23 INFO  TestRunner:104 - navigating to the site
2018-08-23 15:06:26 INFO  TestRunner:107 - passing the values
2018-08-23 15:06:28 INFO  TestRunner:107 - passing the values
2018-08-23 15:06:28 INFO  TestRunner:107 - passing the values
2018-08-23 15:06:28 INFO  TestRunner:107 - passing the values
2018-08-23 15:07:31 INFO  TestRunner:101 - opening the browser
2018-08-23 15:07:31 INFO  TestRunner:101 - opening the browser
2018-08-23 15:07:35 INFO  TestRunner:104 - navigating to the site
2018-08-23 15:07:35 INFO  TestRunner:104 - navigating to the site
2018-08-23 15:07:38 INFO  TestRunner:107 - passing the values
2018-08-23 15:07:39 INFO  TestRunner:107 - passing the values
2018-08-23 15:07:40 INFO  TestRunner:107 - passing the values
2018-08-23 15:07:40 INFO  TestRunner:107 - passing the values
2018-08-23 15:08:15 INFO  TestRunner:105 - opening the browser
2018-08-23 15:08:15 INFO  TestRunner:105 - opening the browser
2018-08-23 15:08:18 INFO  TestRunner:108 - navigating to the site
2018-08-23 15:08:18 INFO  TestRunner:108 - navigating to the site
2018-08-23 15:08:22 INFO  TestRunner:111 - passing the values
2018-08-23 15:08:24 INFO  TestRunner:111 - passing the values
2018-08-23 15:08:24 INFO  TestRunner:111 - passing the values
2018-08-23 15:08:24 INFO  TestRunner:111 - passing the values
2018-08-23 15:09:48 INFO  TestRunner:105 - opening the browser
2018-08-23 15:09:48 INFO  TestRunner:105 - opening the browser
2018-08-23 15:09:51 INFO  TestRunner:108 - navigating to the site
2018-08-23 15:09:51 INFO  TestRunner:108 - navigating to the site
2018-08-23 15:09:55 INFO  TestRunner:111 - passing the values
2018-08-23 15:09:57 INFO  TestRunner:111 - passing the values
2018-08-23 15:09:57 INFO  TestRunner:111 - passing the values
2018-08-23 15:09:57 INFO  TestRunner:111 - passing the values
2018-08-23 15:10:24 INFO  TestRunner:105 - opening the browser
2018-08-23 15:10:24 INFO  TestRunner:105 - opening the browser
2018-08-23 15:10:27 INFO  TestRunner:108 - navigating to the site
2018-08-23 15:10:27 INFO  TestRunner:108 - navigating to the site
2018-08-23 15:10:32 INFO  TestRunner:111 - passing the values
2018-08-23 15:10:35 INFO  TestRunner:111 - passing the values
2018-08-23 15:10:35 INFO  TestRunner:111 - passing the values
2018-08-23 15:10:35 INFO  TestRunner:111 - passing the values
2018-08-23 17:28:36 INFO  TestRunner:111 - opening the browser
2018-08-23 17:28:36 INFO  TestRunner:111 - opening the browser
2018-08-23 17:28:40 INFO  TestRunner:114 - navigating to the site
2018-08-23 17:28:40 INFO  TestRunner:114 - navigating to the site
2018-08-23 17:28:44 INFO  TestRunner:117 - passing the values
2018-08-23 17:28:45 INFO  TestRunner:117 - passing the values
2018-08-23 17:28:45 INFO  TestRunner:117 - passing the values
2018-08-23 17:28:45 INFO  TestRunner:117 - passing the values
2018-08-23 17:35:44 INFO  TestRunner:111 - opening the browser
2018-08-23 17:35:44 INFO  TestRunner:111 - opening the browser
2018-08-23 17:35:48 INFO  TestRunner:114 - navigating to the site
2018-08-23 17:35:48 INFO  TestRunner:114 - navigating to the site
2018-08-23 17:35:52 INFO  TestRunner:117 - passing the values
2018-08-23 17:35:54 INFO  TestRunner:117 - passing the values
2018-08-23 17:35:54 INFO  TestRunner:117 - passing the values
2018-08-23 17:35:54 INFO  TestRunner:117 - passing the values
2018-08-23 18:27:53 INFO  TestRunner:111 - opening the browser
2018-08-23 18:27:53 INFO  TestRunner:111 - opening the browser
2018-08-23 18:27:57 INFO  TestRunner:114 - navigating to the site
2018-08-23 18:27:57 INFO  TestRunner:114 - navigating to the site
2018-08-23 18:28:03 INFO  TestRunner:117 - passing the values
2018-08-23 18:28:05 INFO  TestRunner:117 - passing the values
2018-08-23 18:28:05 INFO  TestRunner:117 - passing the values
2018-08-23 18:28:05 INFO  TestRunner:117 - passing the values
2018-08-23 18:31:12 INFO  TestRunner:111 - opening the browser
2018-08-23 18:31:12 INFO  TestRunner:111 - opening the browser
2018-08-23 18:31:16 INFO  TestRunner:114 - navigating to the site
2018-08-23 18:31:16 INFO  TestRunner:114 - navigating to the site
2018-08-23 18:31:19 INFO  TestRunner:117 - passing the values
2018-08-23 18:31:21 INFO  TestRunner:117 - passing the values
2018-08-23 18:31:21 INFO  TestRunner:117 - passing the values
2018-08-23 18:31:21 INFO  TestRunner:117 - passing the values
2018-08-23 18:36:56 INFO  TestRunner:111 - opening the browser
2018-08-23 18:36:56 INFO  TestRunner:111 - opening the browser
2018-08-23 18:37:00 INFO  TestRunner:114 - navigating to the site
2018-08-23 18:37:00 INFO  TestRunner:114 - navigating to the site
2018-08-23 18:37:04 INFO  TestRunner:117 - passing the values
2018-08-23 18:37:06 INFO  TestRunner:117 - passing the values
2018-08-23 18:37:06 INFO  TestRunner:117 - passing the values
2018-08-23 18:37:06 INFO  TestRunner:117 - passing the values
2018-08-23 18:49:52 INFO  TestRunner:112 - opening the browser
2018-08-23 18:49:52 INFO  TestRunner:112 - opening the browser
2018-08-23 18:49:56 INFO  TestRunner:115 - navigating to the site
2018-08-23 18:49:57 INFO  TestRunner:115 - navigating to the site
2018-08-23 18:50:03 INFO  TestRunner:118 - passing the values
2018-08-23 18:50:05 INFO  TestRunner:118 - passing the values
2018-08-23 18:50:05 INFO  TestRunner:118 - passing the values
2018-08-23 18:50:05 INFO  TestRunner:118 - passing the values
2018-08-23 18:54:37 INFO  TestRunner:113 - opening the browser
2018-08-23 18:54:37 INFO  TestRunner:113 - opening the browser
2018-08-23 18:54:41 INFO  TestRunner:116 - navigating to the site
2018-08-23 18:54:44 INFO  TestRunner:116 - navigating to the site
2018-08-23 18:54:45 INFO  TestRunner:119 - passing the values
2018-08-23 18:54:47 INFO  TestRunner:119 - passing the values
2018-08-23 18:54:48 INFO  TestRunner:119 - passing the values
2018-08-23 18:54:48 INFO  TestRunner:119 - passing the values
2018-08-23 19:00:53 INFO  TestRunner:113 - opening the browser
2018-08-23 19:00:53 INFO  TestRunner:113 - opening the browser
2018-08-23 19:00:56 INFO  TestRunner:116 - navigating to the site
2018-08-23 19:01:00 INFO  TestRunner:116 - navigating to the site
2018-08-23 19:01:02 INFO  TestRunner:119 - passing the values
2018-08-23 19:01:06 INFO  TestRunner:119 - passing the values
2018-08-23 19:01:06 INFO  TestRunner:119 - passing the values
2018-08-23 19:01:06 INFO  TestRunner:119 - passing the values
2018-08-23 19:07:12 INFO  TestRunner:111 - opening the browser
2018-08-23 19:07:15 INFO  TestRunner:114 - navigating to the site
2018-08-23 19:07:20 INFO  TestRunner:117 - passing the values
2018-08-23 19:07:20 INFO  TestRunner:117 - passing the values
2018-08-23 19:07:28 INFO  TestRunner:122 - closing the browser...
2018-08-23 19:07:29 INFO  TestRunner:111 - opening the browser
2018-08-23 19:07:32 INFO  TestRunner:114 - navigating to the site
2018-08-23 19:07:34 INFO  TestRunner:117 - passing the values
2018-08-23 19:07:36 INFO  TestRunner:117 - passing the values
2018-08-23 19:07:38 INFO  TestRunner:117 - passing the values
2018-08-23 19:10:55 INFO  TestRunner:111 - opening the browser
2018-08-23 19:10:59 INFO  TestRunner:114 - navigating to the site
2018-08-23 19:11:02 INFO  TestRunner:117 - passing the values
2018-08-23 19:11:03 INFO  TestRunner:117 - passing the values
2018-08-23 19:11:10 INFO  TestRunner:122 - closing the browser...
2018-08-23 19:11:11 INFO  TestRunner:111 - opening the browser
2018-08-23 19:11:14 INFO  TestRunner:114 - navigating to the site
2018-08-23 19:11:19 INFO  TestRunner:117 - passing the values
2018-08-23 19:11:19 INFO  TestRunner:117 - passing the values
2018-08-23 19:11:23 INFO  TestRunner:117 - passing the values
2018-08-23 19:13:09 INFO  TestRunner:111 - opening the browser
2018-08-23 19:13:13 INFO  TestRunner:114 - navigating to the site
2018-08-23 19:13:16 INFO  TestRunner:117 - passing the values
2018-08-23 19:13:17 INFO  TestRunner:117 - passing the values
2018-08-23 19:13:25 INFO  TestRunner:122 - closing the browser...
2018-08-23 19:13:26 INFO  TestRunner:111 - opening the browser
2018-08-23 19:13:30 INFO  TestRunner:114 - navigating to the site
2018-08-23 19:13:32 INFO  TestRunner:117 - passing the values
2018-08-23 19:13:33 INFO  TestRunner:117 - passing the values
2018-08-23 19:13:36 INFO  TestRunner:117 - passing the values
2018-08-24 13:44:59 INFO  TestRunner:111 - opening the browser
2018-08-24 13:45:03 INFO  TestRunner:114 - navigating to the site
2018-08-24 13:45:06 INFO  TestRunner:117 - passing the values
2018-08-24 13:47:47 INFO  TestRunner:111 - opening the browser
2018-08-24 13:47:50 INFO  TestRunner:114 - navigating to the site
2018-08-24 13:48:02 INFO  TestRunner:117 - passing the values
2018-08-24 13:48:02 INFO  TestRunner:117 - passing the values
2018-08-24 14:43:14 INFO  TestRunner:115 - opening the browser
2018-08-24 14:43:18 INFO  TestRunner:118 - navigating to the site
2018-08-24 14:43:31 INFO  TestRunner:121 - passing the values
2018-08-24 14:43:32 INFO  TestRunner:121 - passing the values
2018-08-24 14:46:04 INFO  TestRunner:115 - opening the browser
2018-08-24 14:46:08 INFO  TestRunner:118 - navigating to the site
2018-08-24 14:46:19 INFO  TestRunner:121 - passing the values
2018-08-24 14:46:19 INFO  TestRunner:121 - passing the values
2018-08-24 14:48:26 INFO  TestRunner:122 - opening the browser
2018-08-24 14:48:30 INFO  TestRunner:125 - navigating to the site
2018-08-24 14:48:43 INFO  TestRunner:128 - passing the values
2018-08-24 14:48:43 INFO  TestRunner:128 - passing the values
2018-08-24 14:48:50 INFO  TestRunner:122 - opening the browser
2018-08-24 14:48:54 INFO  TestRunner:125 - navigating to the site
2018-08-24 14:49:06 INFO  TestRunner:128 - passing the values
2018-08-24 14:49:06 INFO  TestRunner:128 - passing the values
2018-08-24 14:56:31 INFO  TestRunner:122 - opening the browser
2018-08-24 14:56:35 INFO  TestRunner:125 - navigating to the site
2018-08-24 14:56:46 INFO  TestRunner:128 - passing the values
2018-08-24 14:56:46 INFO  TestRunner:128 - passing the values
2018-08-24 14:56:53 INFO  TestRunner:122 - opening the browser
2018-08-24 14:56:56 INFO  TestRunner:125 - navigating to the site
2018-08-24 14:57:09 INFO  TestRunner:128 - passing the values
2018-08-24 14:57:09 INFO  TestRunner:128 - passing the values
2018-08-24 14:59:07 INFO  TestRunner:122 - opening the browser
2018-08-24 14:59:11 INFO  TestRunner:125 - navigating to the site
2018-08-24 14:59:25 INFO  TestRunner:133 - clicked on element
2018-08-24 14:59:25 INFO  TestRunner:128 - passing the values
2018-08-24 14:59:26 INFO  TestRunner:128 - passing the values
2018-08-24 14:59:29 INFO  TestRunner:133 - clicked on element
2018-08-24 14:59:32 INFO  TestRunner:133 - clicked on element
2018-08-24 14:59:32 INFO  TestRunner:122 - opening the browser
2018-08-24 14:59:36 INFO  TestRunner:125 - navigating to the site
2018-08-24 14:59:49 INFO  TestRunner:133 - clicked on element
2018-08-24 14:59:49 INFO  TestRunner:128 - passing the values
2018-08-24 14:59:49 INFO  TestRunner:128 - passing the values
2018-08-24 14:59:52 INFO  TestRunner:133 - clicked on element
2018-08-24 14:59:56 INFO  TestRunner:133 - clicked on element
2018-08-24 15:01:24 INFO  TestRunner:122 - opening the browser
2018-08-24 15:01:28 INFO  TestRunner:125 - navigating to the site
2018-08-24 15:01:42 INFO  TestRunner:133 - clicked on element
2018-08-24 15:01:42 INFO  TestRunner:128 - passing the values
2018-08-24 15:01:42 INFO  TestRunner:128 - passing the values
2018-08-24 15:01:45 INFO  TestRunner:133 - clicked on element
2018-08-24 15:01:48 INFO  TestRunner:133 - clicked on element
2018-08-24 15:01:49 INFO  TestRunner:122 - opening the browser
2018-08-24 15:01:52 INFO  TestRunner:125 - navigating to the site
2018-08-24 15:02:05 INFO  TestRunner:133 - clicked on element
2018-08-24 15:02:05 INFO  TestRunner:128 - passing the values
2018-08-24 15:02:05 INFO  TestRunner:128 - passing the values
2018-08-24 15:02:08 INFO  TestRunner:133 - clicked on element
2018-08-24 15:02:14 INFO  TestRunner:133 - clicked on element
2018-08-24 15:06:49 INFO  TestRunner:122 - opening the browser
2018-08-24 15:06:53 INFO  TestRunner:125 - navigating to the site
2018-08-24 15:07:05 INFO  TestRunner:133 - clicked on element
2018-08-24 15:07:05 INFO  TestRunner:128 - passing the values
2018-08-24 15:07:05 INFO  TestRunner:128 - passing the values
2018-08-24 15:07:08 INFO  TestRunner:133 - clicked on element
2018-08-24 15:07:12 INFO  TestRunner:133 - clicked on element
2018-08-24 15:07:12 INFO  TestRunner:122 - opening the browser
2018-08-24 15:07:16 INFO  TestRunner:125 - navigating to the site
2018-08-24 15:07:30 INFO  TestRunner:133 - clicked on element
2018-08-24 15:07:30 INFO  TestRunner:128 - passing the values
2018-08-24 15:07:30 INFO  TestRunner:128 - passing the values
2018-08-24 15:07:33 INFO  TestRunner:133 - clicked on element
2018-08-24 15:07:38 INFO  TestRunner:133 - clicked on element
2018-08-24 15:20:45 INFO  TestRunner:122 - opening the browser
2018-08-24 15:20:49 INFO  TestRunner:125 - navigating to the site
2018-08-24 15:23:30 INFO  TestRunner:122 - opening the browser
2018-08-24 15:23:34 INFO  TestRunner:125 - navigating to the site
2018-08-24 15:23:46 INFO  TestRunner:133 - clicked on element
2018-08-24 15:23:46 INFO  TestRunner:128 - passing the values
2018-08-24 15:23:46 INFO  TestRunner:128 - passing the values
2018-08-24 15:23:49 INFO  TestRunner:133 - clicked on element
2018-08-24 15:23:52 INFO  TestRunner:133 - clicked on element
2018-08-24 15:31:36 INFO  TestRunner:123 - opening the browser
2018-08-24 15:31:37 INFO  TestRunner:123 - opening the browser
2018-08-24 15:31:40 INFO  TestRunner:126 - navigating to the site
2018-08-24 15:31:40 INFO  TestRunner:126 - navigating to the site
2018-08-24 15:31:55 INFO  TestRunner:134 - clicked on element
2018-08-24 15:31:55 INFO  TestRunner:129 - passing the values
2018-08-24 15:31:56 INFO  TestRunner:134 - clicked on element
2018-08-24 15:31:56 INFO  TestRunner:129 - passing the values
2018-08-24 15:31:57 INFO  TestRunner:129 - passing the values
2018-08-24 15:32:00 INFO  TestRunner:134 - clicked on element
2018-08-24 15:32:04 INFO  TestRunner:134 - clicked on element
2018-08-24 15:36:52 INFO  TestRunner:123 - opening the browser
2018-08-24 15:36:56 INFO  TestRunner:126 - navigating to the site
2018-08-24 15:37:11 INFO  TestRunner:134 - clicked on element
2018-08-24 15:37:11 INFO  TestRunner:129 - passing the values
2018-08-24 15:37:11 INFO  TestRunner:129 - passing the values
2018-08-24 15:37:14 INFO  TestRunner:134 - clicked on element
2018-08-24 15:37:18 INFO  TestRunner:134 - clicked on element
2018-08-24 15:37:18 INFO  TestRunner:123 - opening the browser
2018-08-24 15:37:21 INFO  TestRunner:126 - navigating to the site
2018-08-24 15:37:36 INFO  TestRunner:134 - clicked on element
2018-08-24 15:37:36 INFO  TestRunner:129 - passing the values
2018-08-24 15:37:36 INFO  TestRunner:129 - passing the values
2018-08-24 15:37:39 INFO  TestRunner:134 - clicked on element
2018-08-24 15:37:43 INFO  TestRunner:134 - clicked on element
2018-08-24 15:37:43 INFO  TestRunner:136 - scrolling...
2018-08-24 15:39:54 INFO  TestRunner:123 - opening the browser
2018-08-24 15:39:58 INFO  TestRunner:126 - navigating to the site
2018-08-24 15:40:09 INFO  TestRunner:134 - clicked on element
2018-08-24 15:40:09 INFO  TestRunner:129 - passing the values
2018-08-24 15:40:09 INFO  TestRunner:129 - passing the values
2018-08-24 15:40:13 INFO  TestRunner:134 - clicked on element
2018-08-24 15:40:18 INFO  TestRunner:134 - clicked on element
2018-08-24 15:40:18 INFO  TestRunner:136 - scrolling...
2018-08-24 15:42:25 INFO  TestRunner:123 - opening the browser
2018-08-24 15:42:29 INFO  TestRunner:126 - navigating to the site
2018-08-24 15:42:40 INFO  TestRunner:133 - clicked on element
2018-08-24 15:42:40 INFO  TestRunner:129 - passing the values
2018-08-24 15:42:41 INFO  TestRunner:129 - passing the values
2018-08-24 15:42:44 INFO  TestRunner:133 - clicked on element
2018-08-24 15:42:48 INFO  TestRunner:133 - clicked on element
2018-08-24 15:42:48 INFO  TestRunner:135 - scrolling...
2018-08-24 15:54:59 INFO  TestRunner:123 - opening the browser
2018-08-24 15:55:02 INFO  TestRunner:126 - navigating to the site
2018-08-24 15:55:15 INFO  TestRunner:133 - clicked on element
2018-08-24 15:55:15 INFO  TestRunner:129 - passing the values
2018-08-24 15:55:15 INFO  TestRunner:129 - passing the values
2018-08-24 15:55:19 INFO  TestRunner:133 - clicked on element
2018-08-24 15:55:24 INFO  TestRunner:133 - clicked on element
2018-08-24 15:55:24 INFO  TestRunner:136 - scrolling...
2018-08-24 15:55:24 INFO  TestRunner:145 - clicked on element
2018-08-24 15:57:50 INFO  TestRunner:123 - opening the browser
2018-08-24 15:57:54 INFO  TestRunner:126 - navigating to the site
2018-08-24 15:58:11 INFO  TestRunner:133 - clicked on element
2018-08-24 15:58:11 INFO  TestRunner:129 - passing the values
2018-08-24 15:58:11 INFO  TestRunner:129 - passing the values
2018-08-24 15:58:14 INFO  TestRunner:133 - clicked on element
2018-08-24 15:58:20 INFO  TestRunner:133 - clicked on element
2018-08-24 15:58:20 INFO  TestRunner:136 - scrolling...
2018-08-24 15:59:06 INFO  TestRunner:123 - opening the browser
2018-08-24 15:59:10 INFO  TestRunner:126 - navigating to the site
2018-08-24 15:59:26 INFO  TestRunner:133 - clicked on element
2018-08-24 15:59:26 INFO  TestRunner:129 - passing the values
2018-08-24 15:59:27 INFO  TestRunner:129 - passing the values
2018-08-24 15:59:30 INFO  TestRunner:133 - clicked on element
2018-08-24 15:59:35 INFO  TestRunner:133 - clicked on element
2018-08-24 15:59:35 INFO  TestRunner:136 - scrolling...
2018-08-24 15:59:35 INFO  TestRunner:145 - clicked on element
2018-08-24 16:02:14 INFO  TestRunner:123 - opening the browser
2018-08-24 16:02:18 INFO  TestRunner:126 - navigating to the site
2018-08-24 16:02:33 INFO  TestRunner:133 - clicked on element
2018-08-24 16:02:33 INFO  TestRunner:129 - passing the values
2018-08-24 16:02:33 INFO  TestRunner:129 - passing the values
2018-08-24 16:02:36 INFO  TestRunner:133 - clicked on element
2018-08-24 16:02:40 INFO  TestRunner:133 - clicked on element
2018-08-24 16:02:40 INFO  TestRunner:136 - scrolling...
2018-08-24 16:02:44 INFO  TestRunner:145 - new tab opening
2018-08-24 16:04:00 INFO  TestRunner:123 - opening the browser
2018-08-24 16:04:03 INFO  TestRunner:126 - navigating to the site
2018-08-24 16:04:16 INFO  TestRunner:133 - clicked on element
2018-08-24 16:04:16 INFO  TestRunner:129 - passing the values
2018-08-24 16:04:16 INFO  TestRunner:129 - passing the values
2018-08-24 16:04:19 INFO  TestRunner:133 - clicked on element
2018-08-24 16:04:24 INFO  TestRunner:133 - clicked on element
2018-08-24 16:04:24 INFO  TestRunner:136 - scrolling...
2018-08-24 16:04:27 INFO  TestRunner:145 - new tab opening
2018-08-24 16:07:23 INFO  TestRunner:123 - opening the browser
2018-08-24 16:07:27 INFO  TestRunner:126 - navigating to the site
2018-08-24 16:07:46 INFO  TestRunner:133 - clicked on element
2018-08-24 16:07:46 INFO  TestRunner:129 - passing the values
2018-08-24 16:07:46 INFO  TestRunner:129 - passing the values
2018-08-24 16:07:50 INFO  TestRunner:133 - clicked on element
2018-08-24 16:07:58 INFO  TestRunner:133 - clicked on element
2018-08-24 16:07:58 INFO  TestRunner:136 - scrolling...
2018-08-24 16:08:02 INFO  TestRunner:145 - new tab opening
2018-08-24 16:10:55 INFO  TestRunner:123 - opening the browser
2018-08-24 16:10:59 INFO  TestRunner:126 - navigating to the site
2018-08-24 16:11:16 INFO  TestRunner:133 - clicked on element
2018-08-24 16:11:16 INFO  TestRunner:129 - passing the values
2018-08-24 16:11:16 INFO  TestRunner:129 - passing the values
2018-08-24 16:11:19 INFO  TestRunner:133 - clicked on element
2018-08-24 16:11:22 INFO  TestRunner:133 - clicked on element
2018-08-24 16:11:23 INFO  TestRunner:123 - opening the browser
2018-08-24 16:11:26 INFO  TestRunner:126 - navigating to the site
2018-08-24 16:11:40 INFO  TestRunner:133 - clicked on element
2018-08-24 16:11:40 INFO  TestRunner:129 - passing the values
2018-08-24 16:11:40 INFO  TestRunner:129 - passing the values
2018-08-24 16:11:43 INFO  TestRunner:133 - clicked on element
2018-08-24 16:11:48 INFO  TestRunner:133 - clicked on element
2018-08-24 16:11:48 INFO  TestRunner:136 - scrolling...
2018-08-24 16:11:51 INFO  TestRunner:145 - new tab opening
2018-08-24 16:11:52 INFO  TestRunner:133 - clicked on element
2018-08-24 16:17:55 INFO  TestRunner:123 - opening the browser
2018-08-24 16:17:56 INFO  TestRunner:123 - opening the browser
2018-08-24 16:17:59 INFO  TestRunner:126 - navigating to the site
2018-08-24 16:18:00 INFO  TestRunner:126 - navigating to the site
2018-08-24 16:18:13 INFO  TestRunner:133 - clicked on element
2018-08-24 16:18:13 INFO  TestRunner:129 - passing the values
2018-08-24 16:18:15 INFO  TestRunner:133 - clicked on element
2018-08-24 16:18:15 INFO  TestRunner:129 - passing the values
2018-08-24 16:18:15 INFO  TestRunner:129 - passing the values
2018-08-24 16:18:18 INFO  TestRunner:133 - clicked on element
2018-08-24 16:18:23 INFO  TestRunner:133 - clicked on element
2018-08-24 16:18:23 INFO  TestRunner:136 - scrolling...
2018-08-24 16:18:25 INFO  TestRunner:145 - new tab opening
2018-08-24 16:18:26 INFO  TestRunner:133 - clicked on element
